<?xml version="1.0" encoding="UTF-8"?>
<testng-results skipped="0" failed="1" ignored="0" total="7" passed="6">
  <reporter-output>
  </reporter-output>
  <suite name="Default suite" duration-ms="143767" started-at="2023-05-02T12:23:42Z" finished-at="2023-05-02T12:26:06Z">
    <groups>
    </groups>
    <test name="Default test" duration-ms="143767" started-at="2023-05-02T12:23:42Z" finished-at="2023-05-02T12:26:06Z">
      <class name="Adminpanel.Storefront.HomePage">
        <test-method status="PASS" signature="beforeClass()[pri:0, instance:Adminpanel.Storefront.HomePage@271053e1]" name="beforeClass" is-config="true" duration-ms="2564" started-at="2023-05-02T12:23:42Z" finished-at="2023-05-02T12:23:44Z">
          <reporter-output>
          </reporter-output>
        </test-method> <!-- beforeClass -->
        <test-method status="PASS" signature="before()[pri:0, instance:Adminpanel.Storefront.HomePage@271053e1]" name="before" is-config="true" duration-ms="6" started-at="2023-05-02T12:23:44Z" finished-at="2023-05-02T12:23:44Z">
          <reporter-output>
          </reporter-output>
        </test-method> <!-- before -->
        <test-method status="PASS" signature="test1()[pri:0, instance:Adminpanel.Storefront.HomePage@271053e1]" name="test1" duration-ms="29642" started-at="2023-05-02T12:23:44Z" finished-at="2023-05-02T12:24:14Z">
          <reporter-output>
          </reporter-output>
        </test-method> <!-- test1 -->
        <test-method status="PASS" signature="after()[pri:0, instance:Adminpanel.Storefront.HomePage@271053e1]" name="after" is-config="true" duration-ms="6" started-at="2023-05-02T12:24:14Z" finished-at="2023-05-02T12:24:14Z">
          <reporter-output>
          </reporter-output>
        </test-method> <!-- after -->
        <test-method status="PASS" signature="before()[pri:0, instance:Adminpanel.Storefront.HomePage@271053e1]" name="before" is-config="true" duration-ms="0" started-at="2023-05-02T12:24:14Z" finished-at="2023-05-02T12:24:14Z">
          <reporter-output>
          </reporter-output>
        </test-method> <!-- before -->
        <test-method status="PASS" signature="test2()[pri:0, instance:Adminpanel.Storefront.HomePage@271053e1]" name="test2" duration-ms="17503" started-at="2023-05-02T12:24:14Z" finished-at="2023-05-02T12:24:31Z">
          <reporter-output>
          </reporter-output>
        </test-method> <!-- test2 -->
        <test-method status="PASS" signature="after()[pri:0, instance:Adminpanel.Storefront.HomePage@271053e1]" name="after" is-config="true" duration-ms="0" started-at="2023-05-02T12:24:31Z" finished-at="2023-05-02T12:24:31Z">
          <reporter-output>
          </reporter-output>
        </test-method> <!-- after -->
        <test-method status="PASS" signature="test3()[pri:0, instance:Adminpanel.Storefront.HomePage@271053e1]" name="test3" duration-ms="34314" started-at="2023-05-02T12:24:31Z" finished-at="2023-05-02T12:25:06Z">
          <reporter-output>
          </reporter-output>
        </test-method> <!-- test3 -->
        <test-method status="PASS" signature="before()[pri:0, instance:Adminpanel.Storefront.HomePage@271053e1]" name="before" is-config="true" duration-ms="0" started-at="2023-05-02T12:24:31Z" finished-at="2023-05-02T12:24:31Z">
          <reporter-output>
          </reporter-output>
        </test-method> <!-- before -->
        <test-method status="PASS" signature="before()[pri:0, instance:Adminpanel.Storefront.HomePage@271053e1]" name="before" is-config="true" duration-ms="0" started-at="2023-05-02T12:25:06Z" finished-at="2023-05-02T12:25:06Z">
          <reporter-output>
          </reporter-output>
        </test-method> <!-- before -->
        <test-method status="PASS" signature="test4()[pri:0, instance:Adminpanel.Storefront.HomePage@271053e1]" name="test4" duration-ms="11444" started-at="2023-05-02T12:25:06Z" finished-at="2023-05-02T12:25:17Z">
          <reporter-output>
          </reporter-output>
        </test-method> <!-- test4 -->
        <test-method status="PASS" signature="after()[pri:0, instance:Adminpanel.Storefront.HomePage@271053e1]" name="after" is-config="true" duration-ms="0" started-at="2023-05-02T12:25:06Z" finished-at="2023-05-02T12:25:06Z">
          <reporter-output>
          </reporter-output>
        </test-method> <!-- after -->
        <test-method status="PASS" signature="test5()[pri:0, instance:Adminpanel.Storefront.HomePage@271053e1]" name="test5" duration-ms="15822" started-at="2023-05-02T12:25:17Z" finished-at="2023-05-02T12:25:33Z">
          <reporter-output>
          </reporter-output>
        </test-method> <!-- test5 -->
        <test-method status="PASS" signature="before()[pri:0, instance:Adminpanel.Storefront.HomePage@271053e1]" name="before" is-config="true" duration-ms="0" started-at="2023-05-02T12:25:17Z" finished-at="2023-05-02T12:25:17Z">
          <reporter-output>
          </reporter-output>
        </test-method> <!-- before -->
        <test-method status="PASS" signature="after()[pri:0, instance:Adminpanel.Storefront.HomePage@271053e1]" name="after" is-config="true" duration-ms="0" started-at="2023-05-02T12:25:17Z" finished-at="2023-05-02T12:25:17Z">
          <reporter-output>
          </reporter-output>
        </test-method> <!-- after -->
        <test-method status="PASS" signature="after()[pri:0, instance:Adminpanel.Storefront.HomePage@271053e1]" name="after" is-config="true" duration-ms="0" started-at="2023-05-02T12:25:33Z" finished-at="2023-05-02T12:25:33Z">
          <reporter-output>
          </reporter-output>
        </test-method> <!-- after -->
        <test-method status="PASS" signature="before()[pri:0, instance:Adminpanel.Storefront.HomePage@271053e1]" name="before" is-config="true" duration-ms="0" started-at="2023-05-02T12:25:33Z" finished-at="2023-05-02T12:25:33Z">
          <reporter-output>
          </reporter-output>
        </test-method> <!-- before -->
        <test-method status="PASS" signature="test6()[pri:0, instance:Adminpanel.Storefront.HomePage@271053e1]" name="test6" duration-ms="22976" started-at="2023-05-02T12:25:33Z" finished-at="2023-05-02T12:25:56Z">
          <reporter-output>
          </reporter-output>
        </test-method> <!-- test6 -->
        <test-method status="PASS" signature="after()[pri:0, instance:Adminpanel.Storefront.HomePage@271053e1]" name="after" is-config="true" duration-ms="0" started-at="2023-05-02T12:25:56Z" finished-at="2023-05-02T12:25:56Z">
          <reporter-output>
          </reporter-output>
        </test-method> <!-- after -->
        <test-method status="PASS" signature="before()[pri:0, instance:Adminpanel.Storefront.HomePage@271053e1]" name="before" is-config="true" duration-ms="0" started-at="2023-05-02T12:25:56Z" finished-at="2023-05-02T12:25:56Z">
          <reporter-output>
          </reporter-output>
        </test-method> <!-- before -->
        <test-method status="FAIL" signature="test7()[pri:0, instance:Adminpanel.Storefront.HomePage@271053e1]" name="test7" duration-ms="8643" started-at="2023-05-02T12:25:56Z" finished-at="2023-05-02T12:26:05Z">
          <exception class="org.openqa.selenium.ElementClickInterceptedException">
            <message>
              <![CDATA[element click intercepted: Element is not clickable at point (976, 656)
  (Session info: chrome=112.0.5615.138)
Build info: version: '3.141.59', revision: 'e82be7d358', time: '2018-11-14T08:17:03'
System info: host: 'DESKTOP-U4DRQHD', ip: '10.30.160.248', os.name: 'Windows 11', os.arch: 'amd64', os.version: '10.0', java.version: '1.8.0_361'
Driver info: org.openqa.selenium.chrome.ChromeDriver
Capabilities {acceptInsecureCerts: false, browserName: chrome, browserVersion: 112.0.5615.138, chrome: {chromedriverVersion: 112.0.5615.49 (bd2a7bcb881c..., userDataDir: C:\Users\SINGLE~1\AppData\L...}, goog:chromeOptions: {debuggerAddress: localhost:53260}, javascriptEnabled: true, networkConnectionEnabled: false, pageLoadStrategy: normal, platform: WINDOWS, platformName: WINDOWS, proxy: Proxy(), setWindowRect: true, strictFileInteractability: false, timeouts: {implicit: 0, pageLoad: 300000, script: 30000}, unhandledPromptBehavior: dismiss and notify, webauthn:extension:credBlob: true, webauthn:extension:largeBlob: true, webauthn:extension:minPinLength: true, webauthn:extension:prf: true, webauthn:virtualAuthenticators: true}
Session ID: 3568fd4789e08fd4fce3fa43e8fe2a89]]>
            </message>
            <full-stacktrace>
              <![CDATA[org.openqa.selenium.ElementClickInterceptedException: element click intercepted: Element is not clickable at point (976, 656)
  (Session info: chrome=112.0.5615.138)
Build info: version: '3.141.59', revision: 'e82be7d358', time: '2018-11-14T08:17:03'
System info: host: 'DESKTOP-U4DRQHD', ip: '10.30.160.248', os.name: 'Windows 11', os.arch: 'amd64', os.version: '10.0', java.version: '1.8.0_361'
Driver info: org.openqa.selenium.chrome.ChromeDriver
Capabilities {acceptInsecureCerts: false, browserName: chrome, browserVersion: 112.0.5615.138, chrome: {chromedriverVersion: 112.0.5615.49 (bd2a7bcb881c..., userDataDir: C:\Users\SINGLE~1\AppData\L...}, goog:chromeOptions: {debuggerAddress: localhost:53260}, javascriptEnabled: true, networkConnectionEnabled: false, pageLoadStrategy: normal, platform: WINDOWS, platformName: WINDOWS, proxy: Proxy(), setWindowRect: true, strictFileInteractability: false, timeouts: {implicit: 0, pageLoad: 300000, script: 30000}, unhandledPromptBehavior: dismiss and notify, webauthn:extension:credBlob: true, webauthn:extension:largeBlob: true, webauthn:extension:minPinLength: true, webauthn:extension:prf: true, webauthn:virtualAuthenticators: true}
Session ID: 3568fd4789e08fd4fce3fa43e8fe2a89
at sun.reflect.NativeConstructorAccessorImpl.newInstance0(Native Method)
at sun.reflect.NativeConstructorAccessorImpl.newInstance(Unknown Source)
at sun.reflect.DelegatingConstructorAccessorImpl.newInstance(Unknown Source)
at java.lang.reflect.Constructor.newInstance(Unknown Source)
at org.openqa.selenium.remote.http.W3CHttpResponseCodec.createException(W3CHttpResponseCodec.java:187)
at org.openqa.selenium.remote.http.W3CHttpResponseCodec.decode(W3CHttpResponseCodec.java:122)
at org.openqa.selenium.remote.http.W3CHttpResponseCodec.decode(W3CHttpResponseCodec.java:49)
at org.openqa.selenium.remote.HttpCommandExecutor.execute(HttpCommandExecutor.java:158)
at org.openqa.selenium.remote.service.DriverCommandExecutor.execute(DriverCommandExecutor.java:83)
at org.openqa.selenium.remote.RemoteWebDriver.execute(RemoteWebDriver.java:552)
at org.openqa.selenium.remote.RemoteWebElement.execute(RemoteWebElement.java:285)
at org.openqa.selenium.remote.RemoteWebElement.click(RemoteWebElement.java:84)
at Adminpanel.Storefront.HomePage.test7(HomePage.java:393)
at sun.reflect.NativeMethodAccessorImpl.invoke0(Native Method)
at sun.reflect.NativeMethodAccessorImpl.invoke(Unknown Source)
at sun.reflect.DelegatingMethodAccessorImpl.invoke(Unknown Source)
at java.lang.reflect.Method.invoke(Unknown Source)
at org.testng.internal.MethodInvocationHelper.invokeMethod(MethodInvocationHelper.java:124)
at org.testng.internal.Invoker.invokeMethod(Invoker.java:583)
at org.testng.internal.Invoker.invokeTestMethod(Invoker.java:719)
at org.testng.internal.Invoker.invokeTestMethods(Invoker.java:989)
at org.testng.internal.TestMethodWorker.invokeTestMethods(TestMethodWorker.java:125)
at org.testng.internal.TestMethodWorker.run(TestMethodWorker.java:109)
at org.testng.TestRunner.privateRun(TestRunner.java:648)
at org.testng.TestRunner.run(TestRunner.java:505)
at org.testng.SuiteRunner.runTest(SuiteRunner.java:455)
at org.testng.SuiteRunner.runSequentially(SuiteRunner.java:450)
at org.testng.SuiteRunner.privateRun(SuiteRunner.java:415)
at org.testng.SuiteRunner.run(SuiteRunner.java:364)
at org.testng.SuiteRunnerWorker.runSuite(SuiteRunnerWorker.java:52)
at org.testng.SuiteRunnerWorker.run(SuiteRunnerWorker.java:84)
at org.testng.TestNG.runSuitesSequentially(TestNG.java:1208)
at org.testng.TestNG.runSuitesLocally(TestNG.java:1137)
at org.testng.TestNG.runSuites(TestNG.java:1049)
at org.testng.TestNG.run(TestNG.java:1017)
at org.testng.remote.AbstractRemoteTestNG.run(AbstractRemoteTestNG.java:114)
at org.testng.remote.RemoteTestNG.initAndRun(RemoteTestNG.java:251)
at org.testng.remote.RemoteTestNG.main(RemoteTestNG.java:77)
]]>
            </full-stacktrace>
          </exception> <!-- org.openqa.selenium.ElementClickInterceptedException -->
          <reporter-output>
          </reporter-output>
        </test-method> <!-- test7 -->
        <test-method status="PASS" signature="afterClass()[pri:0, instance:Adminpanel.Storefront.HomePage@271053e1]" name="afterClass" is-config="true" duration-ms="815" started-at="2023-05-02T12:26:05Z" finished-at="2023-05-02T12:26:06Z">
          <reporter-output>
          </reporter-output>
        </test-method> <!-- afterClass -->
        <test-method status="PASS" signature="after()[pri:0, instance:Adminpanel.Storefront.HomePage@271053e1]" name="after" is-config="true" duration-ms="0" started-at="2023-05-02T12:26:05Z" finished-at="2023-05-02T12:26:05Z">
          <reporter-output>
          </reporter-output>
        </test-method> <!-- after -->
      </class> <!-- Adminpanel.Storefront.HomePage -->
    </test> <!-- Default test -->
  </suite> <!-- Default suite -->
</testng-results>
